<?xml version="1.0" encoding="UTF-8"?>
<!-- Generated by org.testng.reporters.JUnitXMLReporter -->
<testsuite ignored="0" hostname="LAPTOP-O91ANHAI" failures="0" tests="4" name="Surefire test" time="97.46" errors="0" timestamp="26 Feb 2023 13:11:08 GMT">
  <testcase classname="com.actitime.qa.testcases.LoginPageTest" name="loginPageTitleTest" time="0.008"/>
  <testcase classname="com.actitime.qa.testcases.LoginPageTest" name="loginPageLogoTest" time="0.081"/>
  <testcase classname="com.actitime.qa.testcases.LoginPageTest" name="loginTest" time="0.161"/>
  <testcase classname="com.actitime.qa.testcases.LoginPageTest" name="loginTest" time="0.141"/>
</testsuite> <!-- Surefire test -->
