<?xml version="1.0" encoding="UTF-8"?>
<!-- Generated by org.testng.reporters.JUnitXMLReporter -->
<testsuite ignored="3" hostname="LAPTOP-O91ANHAI" failures="0" tests="1" name="Default test" time="41.421" errors="0" timestamp="05 Mar 2023 04:48:38 GMT">
  <testcase classname="com.actitime.qa.testcases.UsersPageTest" name="validateUserProfileView" time="0.124"/>
  <testcase classname="com.actitime.qa.testcases.UsersPageTest" name="validateAddUser" time="0.0">
    <ignored/>
  </testcase> <!-- validateAddUser -->
  <testcase classname="com.actitime.qa.testcases.UsersPageTest" name="validateUsersList" time="0.0">
    <ignored/>
  </testcase> <!-- validateUsersList -->
  <testcase classname="com.actitime.qa.testcases.UsersPageTest" name="validateUsersPage" time="0.0">
    <ignored/>
  </testcase> <!-- validateUsersPage -->
</testsuite> <!-- Default test -->
