<?xml version="1.0" encoding="UTF-8"?>
<!-- Generated by org.testng.reporters.JUnitXMLReporter -->
<testsuite ignored="0" hostname="LAPTOP-O91ANHAI" failures="0" tests="4" name="HRM App Test Cases" time="129.701" errors="0" timestamp="05 Mar 2023 04:23:15 GMT">
  <testcase classname="com.actitime.qa.testcases.UsersPageTest" name="validateTasksPage" time="0.012"/>
  <testcase classname="com.actitime.qa.testcases.UsersPageTest" name="validateUserList" time="0.051"/>
  <testcase classname="com.actitime.qa.testcases.UsersPageTest" name="validateUserProfileView" time="0.089"/>
  <testcase classname="com.actitime.qa.testcases.UsersPageTest" name="validateAddUser" time="2.285"/>
</testsuite> <!-- HRM App Test Cases -->
