<?xml version="1.0" encoding="UTF-8"?>
<!-- Generated by org.testng.reporters.JUnitXMLReporter -->
<testsuite ignored="0" hostname="LAPTOP-O91ANHAI" failures="0" tests="4" name="HRM App Test Cases" time="72.725" errors="0" timestamp="06 Mar 2023 06:15:56 GMT">
  <testcase classname="com.actitime.qa.testcases.UsersPageTest" name="validateUsersPage" time="0.015"/>
  <testcase classname="com.actitime.qa.testcases.UsersPageTest" name="validateUsersList" time="0.048"/>
  <testcase classname="com.actitime.qa.testcases.UsersPageTest" name="validateUserProfileView" time="0.095"/>
  <testcase classname="com.actitime.qa.testcases.UsersPageTest" name="validateAddUser" time="2.301"/>
</testsuite> <!-- HRM App Test Cases -->
