<?xml version="1.0" encoding="UTF-8"?>
<testng-results ignored="0" total="4" passed="4" failed="0" skipped="0">
  <reporter-output>
  </reporter-output>
  <suite started-at="2023-02-26T13:09:31Z" name="Surefire suite" finished-at="2023-02-26T13:11:08Z" duration-ms="97460">
    <groups>
    </groups>
    <test started-at="2023-02-26T13:09:31Z" name="Surefire test" finished-at="2023-02-26T13:11:08Z" duration-ms="97460">
      <class name="com.actitime.qa.testcases.LoginPageTest">
        <test-method is-config="true" signature="setup()[pri:0, instance:com.actitime.qa.testcases.LoginPageTest@5656be13]" started-at="2023-02-26T13:09:31Z" name="setup" finished-at="2023-02-26T13:09:54Z" duration-ms="23390" status="PASS">
          <reporter-output>
          </reporter-output>
        </test-method> <!-- setup -->
        <test-method signature="loginPageTitleTest()[pri:1, instance:com.actitime.qa.testcases.LoginPageTest@5656be13]" started-at="2023-02-26T13:09:54Z" name="loginPageTitleTest" finished-at="2023-02-26T13:09:54Z" duration-ms="8" status="PASS">
          <reporter-output>
          </reporter-output>
        </test-method> <!-- loginPageTitleTest -->
        <test-method is-config="true" signature="tearDown()[pri:0, instance:com.actitime.qa.testcases.LoginPageTest@5656be13]" started-at="2023-02-26T13:09:54Z" name="tearDown" finished-at="2023-02-26T13:09:54Z" duration-ms="152" status="PASS">
          <reporter-output>
          </reporter-output>
        </test-method> <!-- tearDown -->
        <test-method is-config="true" signature="setup()[pri:0, instance:com.actitime.qa.testcases.LoginPageTest@5656be13]" started-at="2023-02-26T13:09:54Z" name="setup" finished-at="2023-02-26T13:10:17Z" duration-ms="22680" status="PASS">
          <reporter-output>
          </reporter-output>
        </test-method> <!-- setup -->
        <test-method signature="loginPageLogoTest()[pri:2, instance:com.actitime.qa.testcases.LoginPageTest@5656be13]" started-at="2023-02-26T13:10:17Z" name="loginPageLogoTest" finished-at="2023-02-26T13:10:17Z" duration-ms="81" status="PASS">
          <reporter-output>
          </reporter-output>
        </test-method> <!-- loginPageLogoTest -->
        <test-method is-config="true" signature="tearDown()[pri:0, instance:com.actitime.qa.testcases.LoginPageTest@5656be13]" started-at="2023-02-26T13:10:17Z" name="tearDown" finished-at="2023-02-26T13:10:17Z" duration-ms="175" status="PASS">
          <reporter-output>
          </reporter-output>
        </test-method> <!-- tearDown -->
        <test-method is-config="true" signature="setup()[pri:0, instance:com.actitime.qa.testcases.LoginPageTest@5656be13]" started-at="2023-02-26T13:10:18Z" name="setup" finished-at="2023-02-26T13:10:39Z" duration-ms="21673" status="PASS">
          <reporter-output>
          </reporter-output>
        </test-method> <!-- setup -->
        <test-method signature="loginTest(java.lang.String, java.lang.String)[pri:3, instance:com.actitime.qa.testcases.LoginPageTest@5656be13]" started-at="2023-02-26T13:10:39Z" name="loginTest" data-provider="getactiTimeTestData" finished-at="2023-02-26T13:10:40Z" duration-ms="161" status="PASS">
          <params>
            <param index="0">
              <value>
                <![CDATA[admin]]>
              </value>
            </param>
            <param index="1">
              <value>
                <![CDATA[manager]]>
              </value>
            </param>
          </params>
          <reporter-output>
          </reporter-output>
        </test-method> <!-- loginTest -->
        <test-method is-config="true" signature="tearDown()[pri:0, instance:com.actitime.qa.testcases.LoginPageTest@5656be13]" started-at="2023-02-26T13:10:40Z" name="tearDown" finished-at="2023-02-26T13:10:40Z" duration-ms="114" status="PASS">
          <reporter-output>
          </reporter-output>
        </test-method> <!-- tearDown -->
        <test-method is-config="true" signature="setup()[pri:0, instance:com.actitime.qa.testcases.LoginPageTest@5656be13]" started-at="2023-02-26T13:10:40Z" name="setup" finished-at="2023-02-26T13:11:08Z" duration-ms="28422" status="PASS">
          <reporter-output>
          </reporter-output>
        </test-method> <!-- setup -->
        <test-method signature="loginTest(java.lang.String, java.lang.String)[pri:3, instance:com.actitime.qa.testcases.LoginPageTest@5656be13]" started-at="2023-02-26T13:11:08Z" name="loginTest" data-provider="getactiTimeTestData" finished-at="2023-02-26T13:11:08Z" duration-ms="141" status="PASS">
          <params>
            <param index="0">
              <value>
                <![CDATA[trainee]]>
              </value>
            </param>
            <param index="1">
              <value>
                <![CDATA[trainee]]>
              </value>
            </param>
          </params>
          <reporter-output>
          </reporter-output>
        </test-method> <!-- loginTest -->
        <test-method is-config="true" signature="tearDown()[pri:0, instance:com.actitime.qa.testcases.LoginPageTest@5656be13]" started-at="2023-02-26T13:11:08Z" name="tearDown" finished-at="2023-02-26T13:11:08Z" duration-ms="108" status="PASS">
          <reporter-output>
          </reporter-output>
        </test-method> <!-- tearDown -->
      </class> <!-- com.actitime.qa.testcases.LoginPageTest -->
    </test> <!-- Surefire test -->
  </suite> <!-- Surefire suite -->
</testng-results>
